[debug] [2022-04-21T23:15:19.213Z] ----------------------------------------------------------------------
[debug] [2022-04-21T23:15:19.216Z] Command:       C:\Program Files\nodejs\node.exe C:\Users\user\AppData\Roaming\npm\node_modules\firebase-tools\lib\bin\firebase.js init
[debug] [2022-04-21T23:15:19.216Z] CLI Version:   10.6.0
[debug] [2022-04-21T23:15:19.217Z] Platform:      win32
[debug] [2022-04-21T23:15:19.217Z] Node Version:  v16.14.0
[debug] [2022-04-21T23:15:19.218Z] Time:          Fri Apr 22 2022 00:15:19 GMT+0100 (West Africa Standard Time)
[debug] [2022-04-21T23:15:19.219Z] ----------------------------------------------------------------------
[debug] 
[debug] [2022-04-21T23:15:19.337Z] > command requires scopes: ["email","openid","https://www.googleapis.com/auth/cloudplatformprojects.readonly","https://www.googleapis.com/auth/firebase","https://www.googleapis.com/auth/cloud-platform"]
[debug] [2022-04-21T23:15:19.338Z] > authorizing via signed-in user (goodness6337@gmail.com)
[info] 
     ######## #### ########  ######## ########     ###     ######  ########
     ##        ##  ##     ## ##       ##     ##  ##   ##  ##       ##
     ######    ##  ########  ######   ########  #########  ######  ######
     ##        ##  ##    ##  ##       ##     ## ##     ##       ## ##
     ##       #### ##     ## ######## ########  ##     ##  ######  ########

You're about to initialize a Firebase project in this directory:

  C:\Users\user\Websites\amazon-website

Before we get started, keep in mind:

  * You are initializing within an existing Firebase project directory

[info] 
=== Project Setup
[info] 
[info] First, let's associate this project directory with a Firebase project.
[info] You can create multiple project aliases by running firebase use --add, 
[info] but for now we'll just set up a default project.
[info] 
[debug] [2022-04-21T23:15:38.103Z] Using project from CLI flag: clone-7f4a5
[debug] [2022-04-21T23:15:38.107Z] > refreshing access token with scopes: []
[debug] [2022-04-21T23:15:38.108Z] >>> HTTP REQUEST POST https://www.googleapis.com/oauth2/v3/token  
 <request body omitted>
[debug] [2022-04-21T23:15:54.567Z] Authentication Error: Your credentials are no longer valid. Please run firebase login --reauth

For CI servers and headless environments, generate a new token with firebase login:ci
[debug] [2022-04-21T23:15:54.571Z] FirebaseError: Authentication Error: Your credentials are no longer valid. Please run firebase login --reauth

For CI servers and headless environments, generate a new token with firebase login:ci
    at invalidCredentialError (C:\Users\user\AppData\Roaming\npm\node_modules\firebase-tools\lib\auth.js:145:12)
    at refreshTokens (C:\Users\user\AppData\Roaming\npm\node_modules\firebase-tools\lib\auth.js:485:15)
    at processTicksAndRejections (node:internal/process/task_queues:96:5)
    at async Client.getAccessToken (C:\Users\user\AppData\Roaming\npm\node_modules\firebase-tools\lib\apiv2.js:147:23)
    at async Client.addAuthHeader (C:\Users\user\AppData\Roaming\npm\node_modules\firebase-tools\lib\apiv2.js:138:21)
    at async Client.request (C:\Users\user\AppData\Roaming\npm\node_modules\firebase-tools\lib\apiv2.js:94:34)
    at async getFirebaseProject (C:\Users\user\AppData\Roaming\npm\node_modules\firebase-tools\lib\management\projects.js:290:21)
    at async doSetup (C:\Users\user\AppData\Roaming\npm\node_modules\firebase-tools\lib\init\features\project.js:85:27)
    at async init (C:\Users\user\AppData\Roaming\npm\node_modules\firebase-tools\lib\init\index.js:36:9)
[error] 
[error] Error: Failed to get Firebase project clone-7f4a5. Please make sure the project exists and your account has permission to access it.
[debug] [2022-04-21T23:19:14.586Z] ----------------------------------------------------------------------
[debug] [2022-04-21T23:19:14.588Z] Command:       C:\Program Files\nodejs\node.exe C:\Users\user\AppData\Roaming\npm\node_modules\firebase-tools\lib\bin\firebase.js deploy
[debug] [2022-04-21T23:19:14.589Z] CLI Version:   10.6.0
[debug] [2022-04-21T23:19:14.589Z] Platform:      win32
[debug] [2022-04-21T23:19:14.589Z] Node Version:  v16.14.0
[debug] [2022-04-21T23:19:14.590Z] Time:          Fri Apr 22 2022 00:19:14 GMT+0100 (West Africa Standard Time)
[debug] [2022-04-21T23:19:14.591Z] ----------------------------------------------------------------------
[debug] 
[debug] [2022-04-21T23:19:14.685Z] > command requires scopes: ["email","openid","https://www.googleapis.com/auth/cloudplatformprojects.readonly","https://www.googleapis.com/auth/firebase","https://www.googleapis.com/auth/cloud-platform"]
[debug] [2022-04-21T23:19:14.685Z] > authorizing via signed-in user (goodness6337@gmail.com)
[debug] [2022-04-21T23:19:14.685Z] [iam] checking project clone-7f4a5 for permissions ["cloudfunctions.functions.create","cloudfunctions.functions.delete","cloudfunctions.functions.get","cloudfunctions.functions.list","cloudfunctions.functions.update","cloudfunctions.operations.get","firebase.projects.get","firebasehosting.sites.update"]
[debug] [2022-04-21T23:19:14.687Z] > refreshing access token with scopes: []
[debug] [2022-04-21T23:19:14.688Z] >>> HTTP REQUEST POST https://www.googleapis.com/oauth2/v3/token  
 <request body omitted>
[debug] [2022-04-21T23:19:31.163Z] [iam] error while checking permissions, command may fail: FirebaseError: Authentication Error: Your credentials are no longer valid. Please run firebase login --reauth

For CI servers and headless environments, generate a new token with firebase login:ci
[debug] [2022-04-21T23:19:31.164Z] > refreshing access token with scopes: []
[debug] [2022-04-21T23:19:31.164Z] >>> HTTP REQUEST POST https://www.googleapis.com/oauth2/v3/token  
 <request body omitted>
[debug] [2022-04-21T23:19:42.484Z] [functions] service account IAM check errored, deploy may fail:Authentication Error: Your credentials are no longer valid. Please run firebase login --reauth

For CI servers and headless environments, generate a new token with firebase login:ci {"name":"FirebaseError","children":[],"exit":1,"message":"Authentication Error: Your credentials are no longer valid. Please run \u001b[1mfirebase login --reauth\u001b[22m\n\nFor CI servers and headless environments, generate a new token with \u001b[1mfirebase login:ci\u001b[22m","status":500}
[debug] [2022-04-21T23:19:42.485Z] > refreshing access token with scopes: []
[debug] [2022-04-21T23:19:42.486Z] >>> HTTP REQUEST POST https://www.googleapis.com/oauth2/v3/token  
 <request body omitted>
[debug] [2022-04-21T23:19:52.717Z] Authentication Error: Your credentials are no longer valid. Please run firebase login --reauth

For CI servers and headless environments, generate a new token with firebase login:ci
[debug] [2022-04-21T23:19:52.723Z] FirebaseError: Authentication Error: Your credentials are no longer valid. Please run firebase login --reauth

For CI servers and headless environments, generate a new token with firebase login:ci
    at invalidCredentialError (C:\Users\user\AppData\Roaming\npm\node_modules\firebase-tools\lib\auth.js:145:12)
    at refreshTokens (C:\Users\user\AppData\Roaming\npm\node_modules\firebase-tools\lib\auth.js:485:15)
    at processTicksAndRejections (node:internal/process/task_queues:96:5)
    at async Client.getAccessToken (C:\Users\user\AppData\Roaming\npm\node_modules\firebase-tools\lib\apiv2.js:147:23)
    at async Client.addAuthHeader (C:\Users\user\AppData\Roaming\npm\node_modules\firebase-tools\lib\apiv2.js:138:21)
    at async Client.request (C:\Users\user\AppData\Roaming\npm\node_modules\firebase-tools\lib\apiv2.js:94:34)
    at async getFirebaseProject (C:\Users\user\AppData\Roaming\npm\node_modules\firebase-tools\lib\management\projects.js:290:21)
    at async getDefaultHostingSite (C:\Users\user\AppData\Roaming\npm\node_modules\firebase-tools\lib\getDefaultHostingSite.js:8:21)
    at async requireHostingSite (C:\Users\user\AppData\Roaming\npm\node_modules\firebase-tools\lib\requireHostingSite.js:9:18)
    at async Object.fn (C:\Users\user\AppData\Roaming\npm\node_modules\firebase-tools\lib\commands\deploy.js:73:9)
    at async C:\Users\user\AppData\Roaming\npm\node_modules\firebase-tools\lib\command.js:188:17
[error] 
[error] Error: Failed to get Firebase project clone-7f4a5. Please make sure the project exists and your account has permission to access it.
